{"/Volumes/jtavarezSSDMac/OTA-EXPO/app/demo-app/src/components/LoadingIndicator.tsx": {"path":"/Volumes/jtavarezSSDMac/OTA-EXPO/app/demo-app/src/components/LoadingIndicator.tsx","statementMap":{"0":{"start":{"line":9,"column":65},"end":{"line":16,"column":1}},"1":{"start":{"line":10,"column":2},"end":{"line":15,"column":4}},"2":{"start":{"line":18,"column":15},"end":{"line":27,"column":2}}},"fnMap":{"0":{"name":"(anonymous_0)","decl":{"start":{"line":9,"column":65},"end":{"line":9,"column":66}},"loc":{"start":{"line":9,"column":79},"end":{"line":16,"column":1}},"line":9}},"branchMap":{"0":{"loc":{"start":{"line":13,"column":7},"end":{"line":13,"column":68}},"type":"binary-expr","locations":[{"start":{"line":13,"column":7},"end":{"line":13,"column":11}},{"start":{"line":13,"column":15},"end":{"line":13,"column":68}}],"line":13}},"s":{"0":0,"1":0,"2":0},"f":{"0":0},"b":{"0":[0,0]}}
,"/Volumes/jtavarezSSDMac/OTA-EXPO/app/demo-app/src/components/ScreenLayout.tsx": {"path":"/Volumes/jtavarezSSDMac/OTA-EXPO/app/demo-app/src/components/ScreenLayout.tsx","statementMap":{"0":{"start":{"line":11,"column":57},"end":{"line":29,"column":1}},"1":{"start":{"line":13,"column":4},"end":{"line":15,"column":13}},"2":{"start":{"line":18,"column":2},"end":{"line":26,"column":3}},"3":{"start":{"line":19,"column":4},"end":{"line":25,"column":6}},"4":{"start":{"line":28,"column":2},"end":{"line":28,"column":17}},"5":{"start":{"line":31,"column":15},"end":{"line":39,"column":2}}},"fnMap":{"0":{"name":"(anonymous_0)","decl":{"start":{"line":11,"column":57},"end":{"line":11,"column":58}},"loc":{"start":{"line":11,"column":109},"end":{"line":29,"column":1}},"line":11}},"branchMap":{"0":{"loc":{"start":{"line":11,"column":70},"end":{"line":11,"column":85}},"type":"default-arg","locations":[{"start":{"line":11,"column":81},"end":{"line":11,"column":85}}],"line":11},"1":{"loc":{"start":{"line":18,"column":2},"end":{"line":26,"column":3}},"type":"if","locations":[{"start":{"line":18,"column":2},"end":{"line":26,"column":3}},{"start":{},"end":{}}],"line":18}},"s":{"0":0,"1":0,"2":0,"3":0,"4":0,"5":0},"f":{"0":0},"b":{"0":[0],"1":[0,0]}}
,"/Volumes/jtavarezSSDMac/OTA-EXPO/app/demo-app/src/context/AuthContext.tsx": {"path":"/Volumes/jtavarezSSDMac/OTA-EXPO/app/demo-app/src/context/AuthContext.tsx","statementMap":{"0":{"start":{"line":20,"column":20},"end":{"line":28,"column":2}},"1":{"start":{"line":30,"column":69},"end":{"line":150,"column":1}},"2":{"start":{"line":31,"column":26},"end":{"line":31,"column":50}},"3":{"start":{"line":32,"column":32},"end":{"line":32,"column":46}},"4":{"start":{"line":34,"column":2},"end":{"line":36,"column":9}},"5":{"start":{"line":35,"column":4},"end":{"line":35,"column":19}},"6":{"start":{"line":38,"column":23},"end":{"line":57,"column":3}},"7":{"start":{"line":39,"column":4},"end":{"line":39,"column":21}},"8":{"start":{"line":40,"column":4},"end":{"line":56,"column":5}},"9":{"start":{"line":41,"column":23},"end":{"line":41,"column":40}},"10":{"start":{"line":42,"column":6},"end":{"line":51,"column":7}},"11":{"start":{"line":43,"column":24},"end":{"line":43,"column":48}},"12":{"start":{"line":44,"column":8},"end":{"line":44,"column":48}},"13":{"start":{"line":45,"column":13},"end":{"line":51,"column":7}},"14":{"start":{"line":46,"column":25},"end":{"line":46,"column":54}},"15":{"start":{"line":47,"column":8},"end":{"line":47,"column":50}},"16":{"start":{"line":49,"column":24},"end":{"line":49,"column":43}},"17":{"start":{"line":50,"column":8},"end":{"line":50,"column":25}},"18":{"start":{"line":53,"column":6},"end":{"line":53,"column":20}},"19":{"start":{"line":55,"column":6},"end":{"line":55,"column":24}},"20":{"start":{"line":59,"column":16},"end":{"line":83,"column":3}},"21":{"start":{"line":60,"column":4},"end":{"line":60,"column":21}},"22":{"start":{"line":61,"column":4},"end":{"line":82,"column":5}},"23":{"start":{"line":62,"column":23},"end":{"line":62,"column":40}},"24":{"start":{"line":63,"column":6},"end":{"line":76,"column":7}},"25":{"start":{"line":64,"column":28},"end":{"line":64,"column":64}},"26":{"start":{"line":65,"column":8},"end":{"line":65,"column":50}},"27":{"start":{"line":66,"column":13},"end":{"line":76,"column":7}},"28":{"start":{"line":67,"column":32},"end":{"line":67,"column":91}},"29":{"start":{"line":68,"column":8},"end":{"line":70,"column":9}},"30":{"start":{"line":69,"column":10},"end":{"line":69,"column":22}},"31":{"start":{"line":71,"column":8},"end":{"line":71,"column":50}},"32":{"start":{"line":73,"column":8},"end":{"line":73,"column":66}},"33":{"start":{"line":74,"column":24},"end":{"line":74,"column":43}},"34":{"start":{"line":75,"column":8},"end":{"line":75,"column":25}},"35":{"start":{"line":78,"column":6},"end":{"line":78,"column":24}},"36":{"start":{"line":79,"column":6},"end":{"line":79,"column":18}},"37":{"start":{"line":81,"column":6},"end":{"line":81,"column":24}},"38":{"start":{"line":85,"column":19},"end":{"line":108,"column":3}},"39":{"start":{"line":86,"column":4},"end":{"line":86,"column":21}},"40":{"start":{"line":87,"column":4},"end":{"line":107,"column":5}},"41":{"start":{"line":88,"column":23},"end":{"line":88,"column":40}},"42":{"start":{"line":89,"column":6},"end":{"line":101,"column":7}},"43":{"start":{"line":90,"column":28},"end":{"line":90,"column":67}},"44":{"start":{"line":91,"column":8},"end":{"line":91,"column":50}},"45":{"start":{"line":92,"column":13},"end":{"line":101,"column":7}},"46":{"start":{"line":93,"column":32},"end":{"line":93,"column":79}},"47":{"start":{"line":94,"column":8},"end":{"line":96,"column":9}},"48":{"start":{"line":95,"column":10},"end":{"line":95,"column":22}},"49":{"start":{"line":97,"column":8},"end":{"line":97,"column":50}},"50":{"start":{"line":99,"column":8},"end":{"line":99,"column":59}},"51":{"start":{"line":100,"column":8},"end":{"line":100,"column":37}},"52":{"start":{"line":103,"column":6},"end":{"line":103,"column":24}},"53":{"start":{"line":104,"column":6},"end":{"line":104,"column":18}},"54":{"start":{"line":106,"column":6},"end":{"line":106,"column":24}},"55":{"start":{"line":110,"column":17},"end":{"line":130,"column":3}},"56":{"start":{"line":111,"column":4},"end":{"line":111,"column":21}},"57":{"start":{"line":112,"column":4},"end":{"line":129,"column":5}},"58":{"start":{"line":113,"column":23},"end":{"line":113,"column":40}},"59":{"start":{"line":114,"column":6},"end":{"line":123,"column":7}},"60":{"start":{"line":115,"column":8},"end":{"line":115,"column":31}},"61":{"start":{"line":116,"column":8},"end":{"line":116,"column":22}},"62":{"start":{"line":117,"column":13},"end":{"line":123,"column":7}},"63":{"start":{"line":118,"column":8},"end":{"line":118,"column":38}},"64":{"start":{"line":119,"column":8},"end":{"line":119,"column":22}},"65":{"start":{"line":121,"column":8},"end":{"line":121,"column":47}},"66":{"start":{"line":122,"column":8},"end":{"line":122,"column":22}},"67":{"start":{"line":125,"column":6},"end":{"line":125,"column":24}},"68":{"start":{"line":126,"column":6},"end":{"line":126,"column":18}},"69":{"start":{"line":128,"column":6},"end":{"line":128,"column":24}},"70":{"start":{"line":132,"column":26},"end":{"line":143,"column":3}},"71":{"start":{"line":133,"column":21},"end":{"line":133,"column":38}},"72":{"start":{"line":134,"column":4},"end":{"line":137,"column":5}},"73":{"start":{"line":135,"column":6},"end":{"line":135,"column":43}},"74":{"start":{"line":136,"column":6},"end":{"line":136,"column":13}},"75":{"start":{"line":138,"column":4},"end":{"line":141,"column":5}},"76":{"start":{"line":139,"column":6},"end":{"line":139,"column":55}},"77":{"start":{"line":140,"column":6},"end":{"line":140,"column":13}},"78":{"start":{"line":142,"column":4},"end":{"line":142,"column":87}},"79":{"start":{"line":145,"column":2},"end":{"line":149,"column":4}},"80":{"start":{"line":152,"column":23},"end":{"line":152,"column":52}},"81":{"start":{"line":152,"column":29},"end":{"line":152,"column":52}}},"fnMap":{"0":{"name":"(anonymous_0)","decl":{"start":{"line":23,"column":9},"end":{"line":23,"column":10}},"loc":{"start":{"line":23,"column":21},"end":{"line":23,"column":23}},"line":23},"1":{"name":"(anonymous_1)","decl":{"start":{"line":24,"column":12},"end":{"line":24,"column":13}},"loc":{"start":{"line":24,"column":24},"end":{"line":24,"column":26}},"line":24},"2":{"name":"(anonymous_2)","decl":{"start":{"line":25,"column":10},"end":{"line":25,"column":11}},"loc":{"start":{"line":25,"column":22},"end":{"line":25,"column":24}},"line":25},"3":{"name":"(anonymous_3)","decl":{"start":{"line":26,"column":19},"end":{"line":26,"column":20}},"loc":{"start":{"line":26,"column":31},"end":{"line":26,"column":33}},"line":26},"4":{"name":"(anonymous_4)","decl":{"start":{"line":27,"column":16},"end":{"line":27,"column":17}},"loc":{"start":{"line":27,"column":28},"end":{"line":27,"column":30}},"line":27},"5":{"name":"(anonymous_5)","decl":{"start":{"line":30,"column":69},"end":{"line":30,"column":70}},"loc":{"start":{"line":30,"column":87},"end":{"line":150,"column":1}},"line":30},"6":{"name":"(anonymous_6)","decl":{"start":{"line":34,"column":12},"end":{"line":34,"column":13}},"loc":{"start":{"line":34,"column":18},"end":{"line":36,"column":3}},"line":34},"7":{"name":"(anonymous_7)","decl":{"start":{"line":38,"column":23},"end":{"line":38,"column":24}},"loc":{"start":{"line":38,"column":35},"end":{"line":57,"column":3}},"line":38},"8":{"name":"(anonymous_8)","decl":{"start":{"line":59,"column":16},"end":{"line":59,"column":17}},"loc":{"start":{"line":59,"column":59},"end":{"line":83,"column":3}},"line":59},"9":{"name":"(anonymous_9)","decl":{"start":{"line":85,"column":19},"end":{"line":85,"column":20}},"loc":{"start":{"line":85,"column":62},"end":{"line":108,"column":3}},"line":85},"10":{"name":"(anonymous_10)","decl":{"start":{"line":110,"column":17},"end":{"line":110,"column":18}},"loc":{"start":{"line":110,"column":29},"end":{"line":130,"column":3}},"line":110},"11":{"name":"(anonymous_11)","decl":{"start":{"line":132,"column":26},"end":{"line":132,"column":27}},"loc":{"start":{"line":132,"column":51},"end":{"line":143,"column":3}},"line":132},"12":{"name":"(anonymous_12)","decl":{"start":{"line":152,"column":23},"end":{"line":152,"column":24}},"loc":{"start":{"line":152,"column":29},"end":{"line":152,"column":52}},"line":152}},"branchMap":{"0":{"loc":{"start":{"line":42,"column":6},"end":{"line":51,"column":7}},"type":"if","locations":[{"start":{"line":42,"column":6},"end":{"line":51,"column":7}},{"start":{"line":45,"column":13},"end":{"line":51,"column":7}}],"line":42},"1":{"loc":{"start":{"line":45,"column":13},"end":{"line":51,"column":7}},"type":"if","locations":[{"start":{"line":45,"column":13},"end":{"line":51,"column":7}},{"start":{"line":48,"column":13},"end":{"line":51,"column":7}}],"line":45},"2":{"loc":{"start":{"line":63,"column":6},"end":{"line":76,"column":7}},"type":"if","locations":[{"start":{"line":63,"column":6},"end":{"line":76,"column":7}},{"start":{"line":66,"column":13},"end":{"line":76,"column":7}}],"line":63},"3":{"loc":{"start":{"line":66,"column":13},"end":{"line":76,"column":7}},"type":"if","locations":[{"start":{"line":66,"column":13},"end":{"line":76,"column":7}},{"start":{"line":72,"column":13},"end":{"line":76,"column":7}}],"line":66},"4":{"loc":{"start":{"line":68,"column":8},"end":{"line":70,"column":9}},"type":"if","locations":[{"start":{"line":68,"column":8},"end":{"line":70,"column":9}},{"start":{},"end":{}}],"line":68},"5":{"loc":{"start":{"line":89,"column":6},"end":{"line":101,"column":7}},"type":"if","locations":[{"start":{"line":89,"column":6},"end":{"line":101,"column":7}},{"start":{"line":92,"column":13},"end":{"line":101,"column":7}}],"line":89},"6":{"loc":{"start":{"line":92,"column":13},"end":{"line":101,"column":7}},"type":"if","locations":[{"start":{"line":92,"column":13},"end":{"line":101,"column":7}},{"start":{"line":98,"column":13},"end":{"line":101,"column":7}}],"line":92},"7":{"loc":{"start":{"line":94,"column":8},"end":{"line":96,"column":9}},"type":"if","locations":[{"start":{"line":94,"column":8},"end":{"line":96,"column":9}},{"start":{},"end":{}}],"line":94},"8":{"loc":{"start":{"line":114,"column":6},"end":{"line":123,"column":7}},"type":"if","locations":[{"start":{"line":114,"column":6},"end":{"line":123,"column":7}},{"start":{"line":117,"column":13},"end":{"line":123,"column":7}}],"line":114},"9":{"loc":{"start":{"line":117,"column":13},"end":{"line":123,"column":7}},"type":"if","locations":[{"start":{"line":117,"column":13},"end":{"line":123,"column":7}},{"start":{"line":120,"column":13},"end":{"line":123,"column":7}}],"line":117},"10":{"loc":{"start":{"line":134,"column":4},"end":{"line":137,"column":5}},"type":"if","locations":[{"start":{"line":134,"column":4},"end":{"line":137,"column":5}},{"start":{},"end":{}}],"line":134},"11":{"loc":{"start":{"line":138,"column":4},"end":{"line":141,"column":5}},"type":"if","locations":[{"start":{"line":138,"column":4},"end":{"line":141,"column":5}},{"start":{},"end":{}}],"line":138}},"s":{"0":1,"1":1,"2":21,"3":21,"4":21,"5":9,"6":21,"7":9,"8":9,"9":9,"10":9,"11":3,"12":3,"13":6,"14":3,"15":0,"16":3,"17":3,"18":3,"19":9,"20":21,"21":4,"22":4,"23":4,"24":4,"25":1,"26":1,"27":3,"28":1,"29":1,"30":0,"31":1,"32":2,"33":2,"34":2,"35":0,"36":0,"37":4,"38":21,"39":3,"40":3,"41":3,"42":3,"43":1,"44":1,"45":2,"46":1,"47":1,"48":0,"49":1,"50":1,"51":1,"52":0,"53":0,"54":3,"55":21,"56":3,"57":3,"58":3,"59":3,"60":1,"61":1,"62":2,"63":1,"64":1,"65":1,"66":1,"67":0,"68":0,"69":3,"70":21,"71":0,"72":0,"73":0,"74":0,"75":0,"76":0,"77":0,"78":0,"79":21,"80":1,"81":20},"f":{"0":0,"1":0,"2":0,"3":0,"4":0,"5":21,"6":9,"7":9,"8":4,"9":3,"10":3,"11":0,"12":20},"b":{"0":[3,6],"1":[3,3],"2":[1,3],"3":[1,2],"4":[0,1],"5":[1,2],"6":[1,1],"7":[0,1],"8":[1,2],"9":[1,1],"10":[0,0],"11":[0,0]},"_coverageSchema":"1a1c01bbd47fc00a2c39e90264f33305004495a9","hash":"47a8323853f6bbc8d75918b53b2fafb47eb33c73"}
,"/Volumes/jtavarezSSDMac/OTA-EXPO/app/demo-app/src/context/SettingsStore.ts": {"path":"/Volumes/jtavarezSSDMac/OTA-EXPO/app/demo-app/src/context/SettingsStore.ts","statementMap":{"0":{"start":{"line":11,"column":32},"end":{"line":23,"column":1}},"1":{"start":{"line":13,"column":14},"end":{"line":17,"column":5}},"2":{"start":{"line":15,"column":30},"end":{"line":15,"column":81}},"3":{"start":{"line":15,"column":46},"end":{"line":15,"column":79}},"4":{"start":{"line":16,"column":34},"end":{"line":16,"column":62}},"5":{"start":{"line":20,"column":39},"end":{"line":20,"column":51}}},"fnMap":{"0":{"name":"(anonymous_0)","decl":{"start":{"line":13,"column":4},"end":{"line":13,"column":5}},"loc":{"start":{"line":13,"column":14},"end":{"line":17,"column":5}},"line":13},"1":{"name":"(anonymous_1)","decl":{"start":{"line":15,"column":24},"end":{"line":15,"column":25}},"loc":{"start":{"line":15,"column":30},"end":{"line":15,"column":81}},"line":15},"2":{"name":"(anonymous_2)","decl":{"start":{"line":15,"column":34},"end":{"line":15,"column":35}},"loc":{"start":{"line":15,"column":46},"end":{"line":15,"column":79}},"line":15},"3":{"name":"(anonymous_3)","decl":{"start":{"line":16,"column":21},"end":{"line":16,"column":22}},"loc":{"start":{"line":16,"column":34},"end":{"line":16,"column":62}},"line":16},"4":{"name":"(anonymous_4)","decl":{"start":{"line":20,"column":33},"end":{"line":20,"column":34}},"loc":{"start":{"line":20,"column":39},"end":{"line":20,"column":51}},"line":20}},"branchMap":{},"s":{"0":0,"1":0,"2":0,"3":0,"4":0,"5":0},"f":{"0":0,"1":0,"2":0,"3":0,"4":0},"b":{}}
,"/Volumes/jtavarezSSDMac/OTA-EXPO/app/demo-app/src/context/ThemeContext.tsx": {"path":"/Volumes/jtavarezSSDMac/OTA-EXPO/app/demo-app/src/context/ThemeContext.tsx","statementMap":{"0":{"start":{"line":11,"column":21},"end":{"line":14,"column":2}},"1":{"start":{"line":16,"column":70},"end":{"line":29,"column":1}},"2":{"start":{"line":17,"column":28},"end":{"line":17,"column":44}},"3":{"start":{"line":18,"column":28},"end":{"line":18,"column":96}},"4":{"start":{"line":20,"column":22},"end":{"line":22,"column":3}},"5":{"start":{"line":21,"column":4},"end":{"line":21,"column":62}},"6":{"start":{"line":21,"column":24},"end":{"line":21,"column":59}},"7":{"start":{"line":24,"column":2},"end":{"line":28,"column":4}},"8":{"start":{"line":31,"column":24},"end":{"line":31,"column":54}},"9":{"start":{"line":31,"column":30},"end":{"line":31,"column":54}}},"fnMap":{"0":{"name":"(anonymous_0)","decl":{"start":{"line":13,"column":15},"end":{"line":13,"column":16}},"loc":{"start":{"line":13,"column":21},"end":{"line":13,"column":23}},"line":13},"1":{"name":"(anonymous_1)","decl":{"start":{"line":16,"column":70},"end":{"line":16,"column":71}},"loc":{"start":{"line":16,"column":88},"end":{"line":29,"column":1}},"line":16},"2":{"name":"(anonymous_2)","decl":{"start":{"line":20,"column":22},"end":{"line":20,"column":23}},"loc":{"start":{"line":20,"column":28},"end":{"line":22,"column":3}},"line":20},"3":{"name":"(anonymous_3)","decl":{"start":{"line":21,"column":13},"end":{"line":21,"column":14}},"loc":{"start":{"line":21,"column":24},"end":{"line":21,"column":59}},"line":21},"4":{"name":"(anonymous_4)","decl":{"start":{"line":31,"column":24},"end":{"line":31,"column":25}},"loc":{"start":{"line":31,"column":30},"end":{"line":31,"column":54}},"line":31}},"branchMap":{"0":{"loc":{"start":{"line":18,"column":48},"end":{"line":18,"column":95}},"type":"cond-expr","locations":[{"start":{"line":18,"column":79},"end":{"line":18,"column":85}},{"start":{"line":18,"column":88},"end":{"line":18,"column":95}}],"line":18},"1":{"loc":{"start":{"line":21,"column":24},"end":{"line":21,"column":59}},"type":"cond-expr","locations":[{"start":{"line":21,"column":43},"end":{"line":21,"column":49}},{"start":{"line":21,"column":52},"end":{"line":21,"column":59}}],"line":21}},"s":{"0":0,"1":0,"2":0,"3":0,"4":0,"5":0,"6":0,"7":0,"8":0,"9":0},"f":{"0":0,"1":0,"2":0,"3":0,"4":0},"b":{"0":[0,0],"1":[0,0]}}
,"/Volumes/jtavarezSSDMac/OTA-EXPO/app/demo-app/src/hooks/useOTA.ts": {"path":"/Volumes/jtavarezSSDMac/OTA-EXPO/app/demo-app/src/hooks/useOTA.ts","statementMap":{"0":{"start":{"line":9,"column":22},"end":{"line":73,"column":1}},"1":{"start":{"line":10,"column":30},"end":{"line":10,"column":57}},"2":{"start":{"line":11,"column":28},"end":{"line":11,"column":57}},"3":{"start":{"line":12,"column":34},"end":{"line":12,"column":53}},"4":{"start":{"line":13,"column":25},"end":{"line":13,"column":43}},"5":{"start":{"line":15,"column":23},"end":{"line":57,"column":3}},"6":{"start":{"line":16,"column":4},"end":{"line":19,"column":5}},"7":{"start":{"line":17,"column":6},"end":{"line":17,"column":51}},"8":{"start":{"line":18,"column":6},"end":{"line":18,"column":97}},"9":{"start":{"line":21,"column":4},"end":{"line":56,"column":5}},"10":{"start":{"line":22,"column":6},"end":{"line":22,"column":28}},"11":{"start":{"line":23,"column":6},"end":{"line":23,"column":45}},"12":{"start":{"line":24,"column":21},"end":{"line":24,"column":56}},"13":{"start":{"line":26,"column":6},"end":{"line":51,"column":7}},"14":{"start":{"line":27,"column":8},"end":{"line":27,"column":68}},"15":{"start":{"line":28,"column":8},"end":{"line":28,"column":37}},"16":{"start":{"line":29,"column":8},"end":{"line":29,"column":33}},"17":{"start":{"line":30,"column":8},"end":{"line":30,"column":45}},"18":{"start":{"line":31,"column":8},"end":{"line":31,"column":41}},"19":{"start":{"line":32,"column":8},"end":{"line":32,"column":27}},"20":{"start":{"line":33,"column":8},"end":{"line":33,"column":45}},"21":{"start":{"line":35,"column":8},"end":{"line":47,"column":9}},"22":{"start":{"line":36,"column":12},"end":{"line":36,"column":44}},"23":{"start":{"line":37,"column":12},"end":{"line":37,"column":40}},"24":{"start":{"line":39,"column":12},"end":{"line":46,"column":14}},"25":{"start":{"line":44,"column":52},"end":{"line":44,"column":73}},"26":{"start":{"line":49,"column":8},"end":{"line":49,"column":44}},"27":{"start":{"line":50,"column":8},"end":{"line":50,"column":26}},"28":{"start":{"line":53,"column":6},"end":{"line":53,"column":54}},"29":{"start":{"line":54,"column":6},"end":{"line":54,"column":26}},"30":{"start":{"line":55,"column":6},"end":{"line":55,"column":25}},"31":{"start":{"line":59,"column":2},"end":{"line":61,"column":9}},"32":{"start":{"line":60,"column":4},"end":{"line":60,"column":19}},"33":{"start":{"line":63,"column":2},"end":{"line":72,"column":4}}},"fnMap":{"0":{"name":"(anonymous_0)","decl":{"start":{"line":9,"column":22},"end":{"line":9,"column":23}},"loc":{"start":{"line":9,"column":28},"end":{"line":73,"column":1}},"line":9},"1":{"name":"(anonymous_1)","decl":{"start":{"line":15,"column":23},"end":{"line":15,"column":24}},"loc":{"start":{"line":15,"column":35},"end":{"line":57,"column":3}},"line":15},"2":{"name":"(anonymous_2)","decl":{"start":{"line":44,"column":46},"end":{"line":44,"column":47}},"loc":{"start":{"line":44,"column":52},"end":{"line":44,"column":73}},"line":44},"3":{"name":"(anonymous_3)","decl":{"start":{"line":59,"column":12},"end":{"line":59,"column":13}},"loc":{"start":{"line":59,"column":18},"end":{"line":61,"column":3}},"line":59}},"branchMap":{"0":{"loc":{"start":{"line":16,"column":4},"end":{"line":19,"column":5}},"type":"if","locations":[{"start":{"line":16,"column":4},"end":{"line":19,"column":5}},{"start":{},"end":{}}],"line":16},"1":{"loc":{"start":{"line":26,"column":6},"end":{"line":51,"column":7}},"type":"if","locations":[{"start":{"line":26,"column":6},"end":{"line":51,"column":7}},{"start":{"line":48,"column":13},"end":{"line":51,"column":7}}],"line":26},"2":{"loc":{"start":{"line":35,"column":8},"end":{"line":47,"column":9}},"type":"if","locations":[{"start":{"line":35,"column":8},"end":{"line":47,"column":9}},{"start":{"line":38,"column":15},"end":{"line":47,"column":9}}],"line":35}},"s":{"0":0,"1":0,"2":0,"3":0,"4":0,"5":0,"6":0,"7":0,"8":0,"9":0,"10":0,"11":0,"12":0,"13":0,"14":0,"15":0,"16":0,"17":0,"18":0,"19":0,"20":0,"21":0,"22":0,"23":0,"24":0,"25":0,"26":0,"27":0,"28":0,"29":0,"30":0,"31":0,"32":0,"33":0},"f":{"0":0,"1":0,"2":0,"3":0},"b":{"0":[0,0],"1":[0,0],"2":[0,0]}}
,"/Volumes/jtavarezSSDMac/OTA-EXPO/app/demo-app/src/hooks/useSpeechToText.ts": {"path":"/Volumes/jtavarezSSDMac/OTA-EXPO/app/demo-app/src/hooks/useSpeechToText.ts","statementMap":{"0":{"start":{"line":4,"column":31},"end":{"line":42,"column":1}},"1":{"start":{"line":5,"column":40},"end":{"line":5,"column":55}},"2":{"start":{"line":6,"column":32},"end":{"line":6,"column":54}},"3":{"start":{"line":7,"column":28},"end":{"line":7,"column":57}},"4":{"start":{"line":9,"column":2},"end":{"line":21,"column":9}},"5":{"start":{"line":10,"column":4},"end":{"line":12,"column":6}},"6":{"start":{"line":11,"column":6},"end":{"line":11,"column":36}},"7":{"start":{"line":14,"column":4},"end":{"line":16,"column":6}},"8":{"start":{"line":15,"column":6},"end":{"line":15,"column":67}},"9":{"start":{"line":18,"column":4},"end":{"line":20,"column":6}},"10":{"start":{"line":19,"column":6},"end":{"line":19,"column":53}},"11":{"start":{"line":23,"column":16},"end":{"line":28,"column":3}},"12":{"start":{"line":24,"column":4},"end":{"line":24,"column":19}},"13":{"start":{"line":25,"column":4},"end":{"line":25,"column":19}},"14":{"start":{"line":26,"column":4},"end":{"line":26,"column":41}},"15":{"start":{"line":27,"column":4},"end":{"line":27,"column":25}},"16":{"start":{"line":30,"column":15},"end":{"line":33,"column":3}},"17":{"start":{"line":31,"column":4},"end":{"line":31,"column":23}},"18":{"start":{"line":32,"column":4},"end":{"line":32,"column":26}},"19":{"start":{"line":35,"column":2},"end":{"line":41,"column":4}}},"fnMap":{"0":{"name":"(anonymous_0)","decl":{"start":{"line":4,"column":31},"end":{"line":4,"column":32}},"loc":{"start":{"line":4,"column":37},"end":{"line":42,"column":1}},"line":4},"1":{"name":"(anonymous_1)","decl":{"start":{"line":9,"column":12},"end":{"line":9,"column":13}},"loc":{"start":{"line":9,"column":18},"end":{"line":21,"column":3}},"line":9},"2":{"name":"(anonymous_2)","decl":{"start":{"line":10,"column":28},"end":{"line":10,"column":29}},"loc":{"start":{"line":10,"column":59},"end":{"line":12,"column":5}},"line":10},"3":{"name":"(anonymous_3)","decl":{"start":{"line":14,"column":26},"end":{"line":14,"column":27}},"loc":{"start":{"line":14,"column":55},"end":{"line":16,"column":5}},"line":14},"4":{"name":"(anonymous_4)","decl":{"start":{"line":18,"column":11},"end":{"line":18,"column":12}},"loc":{"start":{"line":18,"column":17},"end":{"line":20,"column":5}},"line":18},"5":{"name":"(anonymous_5)","decl":{"start":{"line":23,"column":16},"end":{"line":23,"column":17}},"loc":{"start":{"line":23,"column":43},"end":{"line":28,"column":3}},"line":23},"6":{"name":"(anonymous_6)","decl":{"start":{"line":30,"column":15},"end":{"line":30,"column":16}},"loc":{"start":{"line":30,"column":27},"end":{"line":33,"column":3}},"line":30}},"branchMap":{"0":{"loc":{"start":{"line":11,"column":17},"end":{"line":11,"column":34}},"type":"binary-expr","locations":[{"start":{"line":11,"column":17},"end":{"line":11,"column":28}},{"start":{"line":11,"column":32},"end":{"line":11,"column":34}}],"line":11},"1":{"loc":{"start":{"line":15,"column":15},"end":{"line":15,"column":65}},"type":"binary-expr","locations":[{"start":{"line":15,"column":15},"end":{"line":15,"column":35}},{"start":{"line":15,"column":39},"end":{"line":15,"column":65}}],"line":15},"2":{"loc":{"start":{"line":26,"column":22},"end":{"line":26,"column":39}},"type":"binary-expr","locations":[{"start":{"line":26,"column":22},"end":{"line":26,"column":28}},{"start":{"line":26,"column":32},"end":{"line":26,"column":39}}],"line":26}},"s":{"0":0,"1":0,"2":0,"3":0,"4":0,"5":0,"6":0,"7":0,"8":0,"9":0,"10":0,"11":0,"12":0,"13":0,"14":0,"15":0,"16":0,"17":0,"18":0,"19":0},"f":{"0":0,"1":0,"2":0,"3":0,"4":0,"5":0,"6":0},"b":{"0":[0,0],"1":[0,0],"2":[0,0]}}
,"/Volumes/jtavarezSSDMac/OTA-EXPO/app/demo-app/src/i18n/index.ts": {"path":"/Volumes/jtavarezSSDMac/OTA-EXPO/app/demo-app/src/i18n/index.ts","statementMap":{"0":{"start":{"line":7,"column":18},"end":{"line":10,"column":1}},"1":{"start":{"line":12,"column":23},"end":{"line":12,"column":60}},"2":{"start":{"line":14,"column":0},"end":{"line":21,"column":3}}},"fnMap":{},"branchMap":{"0":{"loc":{"start":{"line":12,"column":23},"end":{"line":12,"column":60}},"type":"binary-expr","locations":[{"start":{"line":12,"column":23},"end":{"line":12,"column":52}},{"start":{"line":12,"column":56},"end":{"line":12,"column":60}}],"line":12}},"s":{"0":0,"1":0,"2":0},"f":{},"b":{"0":[0,0]}}
,"/Volumes/jtavarezSSDMac/OTA-EXPO/app/demo-app/src/navigation/AppNavigator.tsx": {"path":"/Volumes/jtavarezSSDMac/OTA-EXPO/app/demo-app/src/navigation/AppNavigator.tsx","statementMap":{"0":{"start":{"line":17,"column":14},"end":{"line":17,"column":36}},"1":{"start":{"line":18,"column":12},"end":{"line":18,"column":38}},"2":{"start":{"line":20,"column":18},"end":{"line":26,"column":1}},"3":{"start":{"line":21,"column":2},"end":{"line":25,"column":20}},"4":{"start":{"line":28,"column":21},"end":{"line":42,"column":1}},"5":{"start":{"line":29,"column":18},"end":{"line":29,"column":34}},"6":{"start":{"line":31,"column":4},"end":{"line":41,"column":6}},"7":{"start":{"line":34,"column":31},"end":{"line":34,"column":75}},"8":{"start":{"line":36,"column":68},"end":{"line":36,"column":106}},"9":{"start":{"line":37,"column":71},"end":{"line":37,"column":109}},"10":{"start":{"line":38,"column":72},"end":{"line":38,"column":114}},"11":{"start":{"line":39,"column":71},"end":{"line":39,"column":111}},"12":{"start":{"line":44,"column":17},"end":{"line":54,"column":1}},"13":{"start":{"line":45,"column":2},"end":{"line":53,"column":18}},"14":{"start":{"line":46,"column":21},"end":{"line":46,"column":48}},"15":{"start":{"line":56,"column":28},"end":{"line":68,"column":1}},"16":{"start":{"line":57,"column":28},"end":{"line":57,"column":37}},"17":{"start":{"line":59,"column":2},"end":{"line":61,"column":3}},"18":{"start":{"line":60,"column":4},"end":{"line":60,"column":32}},"19":{"start":{"line":63,"column":2},"end":{"line":67,"column":4}}},"fnMap":{"0":{"name":"(anonymous_0)","decl":{"start":{"line":20,"column":18},"end":{"line":20,"column":19}},"loc":{"start":{"line":21,"column":2},"end":{"line":25,"column":20}},"line":21},"1":{"name":"(anonymous_1)","decl":{"start":{"line":28,"column":21},"end":{"line":28,"column":22}},"loc":{"start":{"line":28,"column":53},"end":{"line":42,"column":1}},"line":28},"2":{"name":"(anonymous_2)","decl":{"start":{"line":34,"column":22},"end":{"line":34,"column":23}},"loc":{"start":{"line":34,"column":31},"end":{"line":34,"column":75}},"line":34},"3":{"name":"(anonymous_3)","decl":{"start":{"line":36,"column":57},"end":{"line":36,"column":58}},"loc":{"start":{"line":36,"column":68},"end":{"line":36,"column":106}},"line":36},"4":{"name":"(anonymous_4)","decl":{"start":{"line":37,"column":60},"end":{"line":37,"column":61}},"loc":{"start":{"line":37,"column":71},"end":{"line":37,"column":109}},"line":37},"5":{"name":"(anonymous_5)","decl":{"start":{"line":38,"column":61},"end":{"line":38,"column":62}},"loc":{"start":{"line":38,"column":72},"end":{"line":38,"column":114}},"line":38},"6":{"name":"(anonymous_6)","decl":{"start":{"line":39,"column":60},"end":{"line":39,"column":61}},"loc":{"start":{"line":39,"column":71},"end":{"line":39,"column":111}},"line":39},"7":{"name":"(anonymous_7)","decl":{"start":{"line":44,"column":17},"end":{"line":44,"column":18}},"loc":{"start":{"line":45,"column":2},"end":{"line":53,"column":18}},"line":45},"8":{"name":"(anonymous_8)","decl":{"start":{"line":46,"column":12},"end":{"line":46,"column":13}},"loc":{"start":{"line":46,"column":21},"end":{"line":46,"column":48}},"line":46},"9":{"name":"(anonymous_9)","decl":{"start":{"line":56,"column":28},"end":{"line":56,"column":29}},"loc":{"start":{"line":56,"column":34},"end":{"line":68,"column":1}},"line":56}},"branchMap":{"0":{"loc":{"start":{"line":59,"column":2},"end":{"line":61,"column":3}},"type":"if","locations":[{"start":{"line":59,"column":2},"end":{"line":61,"column":3}},{"start":{},"end":{}}],"line":59},"1":{"loc":{"start":{"line":65,"column":7},"end":{"line":65,"column":42}},"type":"cond-expr","locations":[{"start":{"line":65,"column":14},"end":{"line":65,"column":26}},{"start":{"line":65,"column":29},"end":{"line":65,"column":42}}],"line":65}},"s":{"0":0,"1":0,"2":0,"3":0,"4":0,"5":0,"6":0,"7":0,"8":0,"9":0,"10":0,"11":0,"12":0,"13":0,"14":0,"15":0,"16":0,"17":0,"18":0,"19":0},"f":{"0":0,"1":0,"2":0,"3":0,"4":0,"5":0,"6":0,"7":0,"8":0,"9":0},"b":{"0":[0,0],"1":[0,0]}}
,"/Volumes/jtavarezSSDMac/OTA-EXPO/app/demo-app/src/screens/auth/ForgotPasswordScreen.tsx": {"path":"/Volumes/jtavarezSSDMac/OTA-EXPO/app/demo-app/src/screens/auth/ForgotPasswordScreen.tsx","statementMap":{"0":{"start":{"line":9,"column":36},"end":{"line":61,"column":1}},"1":{"start":{"line":10,"column":30},"end":{"line":10,"column":39}},"2":{"start":{"line":11,"column":16},"end":{"line":11,"column":32}},"3":{"start":{"line":12,"column":21},"end":{"line":12,"column":41}},"4":{"start":{"line":13,"column":28},"end":{"line":13,"column":40}},"5":{"start":{"line":14,"column":32},"end":{"line":14,"column":47}},"6":{"start":{"line":16,"column":24},"end":{"line":31,"column":3}},"7":{"start":{"line":17,"column":4},"end":{"line":20,"column":5}},"8":{"start":{"line":18,"column":6},"end":{"line":18,"column":57}},"9":{"start":{"line":19,"column":6},"end":{"line":19,"column":13}},"10":{"start":{"line":21,"column":4},"end":{"line":21,"column":21}},"11":{"start":{"line":22,"column":4},"end":{"line":30,"column":5}},"12":{"start":{"line":23,"column":6},"end":{"line":23,"column":35}},"13":{"start":{"line":24,"column":6},"end":{"line":24,"column":74}},"14":{"start":{"line":25,"column":6},"end":{"line":25,"column":26}},"15":{"start":{"line":27,"column":6},"end":{"line":27,"column":45}},"16":{"start":{"line":29,"column":6},"end":{"line":29,"column":24}},"17":{"start":{"line":33,"column":2},"end":{"line":60,"column":4}},"18":{"start":{"line":54,"column":23},"end":{"line":54,"column":42}},"19":{"start":{"line":63,"column":15},"end":{"line":77,"column":2}}},"fnMap":{"0":{"name":"(anonymous_0)","decl":{"start":{"line":9,"column":36},"end":{"line":9,"column":37}},"loc":{"start":{"line":9,"column":42},"end":{"line":61,"column":1}},"line":9},"1":{"name":"(anonymous_1)","decl":{"start":{"line":16,"column":24},"end":{"line":16,"column":25}},"loc":{"start":{"line":16,"column":36},"end":{"line":31,"column":3}},"line":16},"2":{"name":"(anonymous_2)","decl":{"start":{"line":54,"column":17},"end":{"line":54,"column":18}},"loc":{"start":{"line":54,"column":23},"end":{"line":54,"column":42}},"line":54}},"branchMap":{"0":{"loc":{"start":{"line":17,"column":4},"end":{"line":20,"column":5}},"type":"if","locations":[{"start":{"line":17,"column":4},"end":{"line":20,"column":5}},{"start":{},"end":{}}],"line":17},"1":{"loc":{"start":{"line":49,"column":9},"end":{"line":49,"column":52}},"type":"cond-expr","locations":[{"start":{"line":49,"column":19},"end":{"line":49,"column":31}},{"start":{"line":49,"column":34},"end":{"line":49,"column":52}}],"line":49}},"s":{"0":0,"1":0,"2":0,"3":0,"4":0,"5":0,"6":0,"7":0,"8":0,"9":0,"10":0,"11":0,"12":0,"13":0,"14":0,"15":0,"16":0,"17":0,"18":0,"19":0},"f":{"0":0,"1":0,"2":0},"b":{"0":[0,0],"1":[0,0]}}
,"/Volumes/jtavarezSSDMac/OTA-EXPO/app/demo-app/src/screens/auth/LoginScreen.tsx": {"path":"/Volumes/jtavarezSSDMac/OTA-EXPO/app/demo-app/src/screens/auth/LoginScreen.tsx","statementMap":{"0":{"start":{"line":9,"column":27},"end":{"line":74,"column":1}},"1":{"start":{"line":10,"column":20},"end":{"line":10,"column":29}},"2":{"start":{"line":11,"column":16},"end":{"line":11,"column":32}},"3":{"start":{"line":12,"column":21},"end":{"line":12,"column":41}},"4":{"start":{"line":13,"column":28},"end":{"line":13,"column":40}},"5":{"start":{"line":14,"column":34},"end":{"line":14,"column":46}},"6":{"start":{"line":15,"column":32},"end":{"line":15,"column":47}},"7":{"start":{"line":17,"column":22},"end":{"line":30,"column":3}},"8":{"start":{"line":18,"column":4},"end":{"line":21,"column":5}},"9":{"start":{"line":19,"column":6},"end":{"line":19,"column":56}},"10":{"start":{"line":20,"column":6},"end":{"line":20,"column":13}},"11":{"start":{"line":22,"column":4},"end":{"line":22,"column":21}},"12":{"start":{"line":23,"column":4},"end":{"line":29,"column":5}},"13":{"start":{"line":24,"column":6},"end":{"line":24,"column":35}},"14":{"start":{"line":26,"column":6},"end":{"line":26,"column":45}},"15":{"start":{"line":28,"column":6},"end":{"line":28,"column":24}},"16":{"start":{"line":32,"column":2},"end":{"line":73,"column":4}},"17":{"start":{"line":55,"column":39},"end":{"line":55,"column":76}},"18":{"start":{"line":67,"column":23},"end":{"line":67,"column":54}},"19":{"start":{"line":76,"column":15},"end":{"line":98,"column":2}}},"fnMap":{"0":{"name":"(anonymous_0)","decl":{"start":{"line":9,"column":27},"end":{"line":9,"column":28}},"loc":{"start":{"line":9,"column":33},"end":{"line":74,"column":1}},"line":9},"1":{"name":"(anonymous_1)","decl":{"start":{"line":17,"column":22},"end":{"line":17,"column":23}},"loc":{"start":{"line":17,"column":34},"end":{"line":30,"column":3}},"line":17},"2":{"name":"(anonymous_2)","decl":{"start":{"line":55,"column":33},"end":{"line":55,"column":34}},"loc":{"start":{"line":55,"column":39},"end":{"line":55,"column":76}},"line":55},"3":{"name":"(anonymous_3)","decl":{"start":{"line":67,"column":17},"end":{"line":67,"column":18}},"loc":{"start":{"line":67,"column":23},"end":{"line":67,"column":54}},"line":67}},"branchMap":{"0":{"loc":{"start":{"line":18,"column":4},"end":{"line":21,"column":5}},"type":"if","locations":[{"start":{"line":18,"column":4},"end":{"line":21,"column":5}},{"start":{},"end":{}}],"line":18},"1":{"loc":{"start":{"line":18,"column":8},"end":{"line":18,"column":27}},"type":"binary-expr","locations":[{"start":{"line":18,"column":8},"end":{"line":18,"column":14}},{"start":{"line":18,"column":18},"end":{"line":18,"column":27}}],"line":18},"2":{"loc":{"start":{"line":62,"column":9},"end":{"line":62,"column":44}},"type":"cond-expr","locations":[{"start":{"line":62,"column":19},"end":{"line":62,"column":31}},{"start":{"line":62,"column":34},"end":{"line":62,"column":44}}],"line":62}},"s":{"0":0,"1":0,"2":0,"3":0,"4":0,"5":0,"6":0,"7":0,"8":0,"9":0,"10":0,"11":0,"12":0,"13":0,"14":0,"15":0,"16":0,"17":0,"18":0,"19":0},"f":{"0":0,"1":0,"2":0,"3":0},"b":{"0":[0,0],"1":[0,0],"2":[0,0]}}
,"/Volumes/jtavarezSSDMac/OTA-EXPO/app/demo-app/src/screens/auth/RegisterScreen.tsx": {"path":"/Volumes/jtavarezSSDMac/OTA-EXPO/app/demo-app/src/screens/auth/RegisterScreen.tsx","statementMap":{"0":{"start":{"line":9,"column":30},"end":{"line":69,"column":1}},"1":{"start":{"line":10,"column":23},"end":{"line":10,"column":32}},"2":{"start":{"line":11,"column":16},"end":{"line":11,"column":32}},"3":{"start":{"line":12,"column":21},"end":{"line":12,"column":41}},"4":{"start":{"line":13,"column":28},"end":{"line":13,"column":40}},"5":{"start":{"line":14,"column":34},"end":{"line":14,"column":46}},"6":{"start":{"line":15,"column":32},"end":{"line":15,"column":47}},"7":{"start":{"line":17,"column":25},"end":{"line":31,"column":3}},"8":{"start":{"line":18,"column":4},"end":{"line":21,"column":5}},"9":{"start":{"line":19,"column":6},"end":{"line":19,"column":56}},"10":{"start":{"line":20,"column":6},"end":{"line":20,"column":13}},"11":{"start":{"line":22,"column":4},"end":{"line":22,"column":21}},"12":{"start":{"line":23,"column":4},"end":{"line":30,"column":5}},"13":{"start":{"line":24,"column":6},"end":{"line":24,"column":38}},"14":{"start":{"line":25,"column":6},"end":{"line":25,"column":54}},"15":{"start":{"line":27,"column":6},"end":{"line":27,"column":45}},"16":{"start":{"line":29,"column":6},"end":{"line":29,"column":24}},"17":{"start":{"line":33,"column":2},"end":{"line":68,"column":4}},"18":{"start":{"line":62,"column":23},"end":{"line":62,"column":42}},"19":{"start":{"line":71,"column":15},"end":{"line":89,"column":2}}},"fnMap":{"0":{"name":"(anonymous_0)","decl":{"start":{"line":9,"column":30},"end":{"line":9,"column":31}},"loc":{"start":{"line":9,"column":36},"end":{"line":69,"column":1}},"line":9},"1":{"name":"(anonymous_1)","decl":{"start":{"line":17,"column":25},"end":{"line":17,"column":26}},"loc":{"start":{"line":17,"column":37},"end":{"line":31,"column":3}},"line":17},"2":{"name":"(anonymous_2)","decl":{"start":{"line":62,"column":17},"end":{"line":62,"column":18}},"loc":{"start":{"line":62,"column":23},"end":{"line":62,"column":42}},"line":62}},"branchMap":{"0":{"loc":{"start":{"line":18,"column":4},"end":{"line":21,"column":5}},"type":"if","locations":[{"start":{"line":18,"column":4},"end":{"line":21,"column":5}},{"start":{},"end":{}}],"line":18},"1":{"loc":{"start":{"line":18,"column":8},"end":{"line":18,"column":27}},"type":"binary-expr","locations":[{"start":{"line":18,"column":8},"end":{"line":18,"column":14}},{"start":{"line":18,"column":18},"end":{"line":18,"column":27}}],"line":18},"2":{"loc":{"start":{"line":57,"column":9},"end":{"line":57,"column":47}},"type":"cond-expr","locations":[{"start":{"line":57,"column":19},"end":{"line":57,"column":31}},{"start":{"line":57,"column":34},"end":{"line":57,"column":47}}],"line":57}},"s":{"0":0,"1":0,"2":0,"3":0,"4":0,"5":0,"6":0,"7":0,"8":0,"9":0,"10":0,"11":0,"12":0,"13":0,"14":0,"15":0,"16":0,"17":0,"18":0,"19":0},"f":{"0":0,"1":0,"2":0},"b":{"0":[0,0],"1":[0,0],"2":[0,0]}}
,"/Volumes/jtavarezSSDMac/OTA-EXPO/app/demo-app/src/screens/main/HomeScreen.tsx": {"path":"/Volumes/jtavarezSSDMac/OTA-EXPO/app/demo-app/src/screens/main/HomeScreen.tsx","statementMap":{"0":{"start":{"line":8,"column":26},"end":{"line":40,"column":1}},"1":{"start":{"line":9,"column":16},"end":{"line":9,"column":32}},"2":{"start":{"line":10,"column":19},"end":{"line":10,"column":28}},"3":{"start":{"line":14,"column":4},"end":{"line":19,"column":6}},"4":{"start":{"line":21,"column":2},"end":{"line":39,"column":4}},"5":{"start":{"line":42,"column":15},"end":{"line":52,"column":2}}},"fnMap":{"0":{"name":"(anonymous_0)","decl":{"start":{"line":8,"column":26},"end":{"line":8,"column":27}},"loc":{"start":{"line":8,"column":32},"end":{"line":40,"column":1}},"line":8}},"branchMap":{"0":{"loc":{"start":{"line":14,"column":4},"end":{"line":19,"column":6}},"type":"binary-expr","locations":[{"start":{"line":14,"column":4},"end":{"line":14,"column":14}},{"start":{"line":16,"column":4},"end":{"line":16,"column":15}},{"start":{"line":18,"column":4},"end":{"line":18,"column":13}},{"start":{"line":19,"column":4},"end":{"line":19,"column":6}}],"line":14},"1":{"loc":{"start":{"line":27,"column":25},"end":{"line":27,"column":62}},"type":"cond-expr","locations":[{"start":{"line":27,"column":39},"end":{"line":27,"column":57}},{"start":{"line":27,"column":60},"end":{"line":27,"column":62}}],"line":27}},"s":{"0":0,"1":0,"2":0,"3":0,"4":0,"5":0},"f":{"0":0},"b":{"0":[0,0,0,0],"1":[0,0]}}
,"/Volumes/jtavarezSSDMac/OTA-EXPO/app/demo-app/src/screens/main/ProfileScreen.tsx": {"path":"/Volumes/jtavarezSSDMac/OTA-EXPO/app/demo-app/src/screens/main/ProfileScreen.tsx","statementMap":{"0":{"start":{"line":8,"column":29},"end":{"line":66,"column":1}},"1":{"start":{"line":9,"column":16},"end":{"line":9,"column":32}},"2":{"start":{"line":10,"column":27},"end":{"line":10,"column":36}},"3":{"start":{"line":14,"column":4},"end":{"line":19,"column":15}},"4":{"start":{"line":23,"column":4},"end":{"line":26,"column":9}},"5":{"start":{"line":28,"column":2},"end":{"line":65,"column":4}},"6":{"start":{"line":68,"column":15},"end":{"line":92,"column":2}}},"fnMap":{"0":{"name":"(anonymous_0)","decl":{"start":{"line":8,"column":29},"end":{"line":8,"column":30}},"loc":{"start":{"line":8,"column":35},"end":{"line":66,"column":1}},"line":8}},"branchMap":{"0":{"loc":{"start":{"line":14,"column":4},"end":{"line":19,"column":15}},"type":"binary-expr","locations":[{"start":{"line":14,"column":4},"end":{"line":14,"column":14}},{"start":{"line":16,"column":4},"end":{"line":16,"column":15}},{"start":{"line":18,"column":4},"end":{"line":18,"column":13}},{"start":{"line":19,"column":4},"end":{"line":19,"column":15}}],"line":14},"1":{"loc":{"start":{"line":23,"column":4},"end":{"line":26,"column":9}},"type":"binary-expr","locations":[{"start":{"line":23,"column":4},"end":{"line":23,"column":13}},{"start":{"line":25,"column":4},"end":{"line":25,"column":13}},{"start":{"line":26,"column":4},"end":{"line":26,"column":9}}],"line":23},"2":{"loc":{"start":{"line":40,"column":11},"end":{"line":40,"column":44}},"type":"binary-expr","locations":[{"start":{"line":40,"column":11},"end":{"line":40,"column":22}},{"start":{"line":40,"column":26},"end":{"line":40,"column":44}}],"line":40},"3":{"loc":{"start":{"line":55,"column":16},"end":{"line":55,"column":36}},"type":"binary-expr","locations":[{"start":{"line":55,"column":16},"end":{"line":55,"column":27}},{"start":{"line":55,"column":31},"end":{"line":55,"column":36}}],"line":55}},"s":{"0":0,"1":0,"2":0,"3":0,"4":0,"5":0,"6":0},"f":{"0":0},"b":{"0":[0,0,0,0],"1":[0,0,0],"2":[0,0],"3":[0,0]}}
,"/Volumes/jtavarezSSDMac/OTA-EXPO/app/demo-app/src/screens/main/SettingsScreen.tsx": {"path":"/Volumes/jtavarezSSDMac/OTA-EXPO/app/demo-app/src/screens/main/SettingsScreen.tsx","statementMap":{"0":{"start":{"line":11,"column":30},"end":{"line":50,"column":1}},"1":{"start":{"line":12,"column":16},"end":{"line":12,"column":32}},"2":{"start":{"line":13,"column":33},"end":{"line":13,"column":43}},"3":{"start":{"line":14,"column":21},"end":{"line":14,"column":30}},"4":{"start":{"line":15,"column":43},"end":{"line":15,"column":61}},"5":{"start":{"line":17,"column":25},"end":{"line":20,"column":3}},"6":{"start":{"line":18,"column":20},"end":{"line":18,"column":33}},"7":{"start":{"line":19,"column":4},"end":{"line":19,"column":56}},"8":{"start":{"line":22,"column":2},"end":{"line":49,"column":4}},"9":{"start":{"line":52,"column":15},"end":{"line":71,"column":2}}},"fnMap":{"0":{"name":"(anonymous_0)","decl":{"start":{"line":11,"column":30},"end":{"line":11,"column":31}},"loc":{"start":{"line":11,"column":36},"end":{"line":50,"column":1}},"line":11},"1":{"name":"(anonymous_1)","decl":{"start":{"line":17,"column":25},"end":{"line":17,"column":26}},"loc":{"start":{"line":17,"column":31},"end":{"line":20,"column":3}},"line":17}},"branchMap":{"0":{"loc":{"start":{"line":19,"column":24},"end":{"line":19,"column":54}},"type":"cond-expr","locations":[{"start":{"line":19,"column":43},"end":{"line":19,"column":47}},{"start":{"line":19,"column":50},"end":{"line":19,"column":54}}],"line":19},"1":{"loc":{"start":{"line":40,"column":13},"end":{"line":40,"column":59}},"type":"cond-expr","locations":[{"start":{"line":40,"column":38},"end":{"line":40,"column":47}},{"start":{"line":40,"column":50},"end":{"line":40,"column":59}}],"line":40}},"s":{"0":0,"1":0,"2":0,"3":0,"4":0,"5":0,"6":0,"7":0,"8":0,"9":0},"f":{"0":0,"1":0},"b":{"0":[0,0],"1":[0,0]}}
,"/Volumes/jtavarezSSDMac/OTA-EXPO/app/demo-app/src/screens/main/UtilityScreen.tsx": {"path":"/Volumes/jtavarezSSDMac/OTA-EXPO/app/demo-app/src/screens/main/UtilityScreen.tsx","statementMap":{"0":{"start":{"line":10,"column":29},"end":{"line":113,"column":1}},"1":{"start":{"line":11,"column":16},"end":{"line":11,"column":32}},"2":{"start":{"line":12,"column":19},"end":{"line":12,"column":32}},"3":{"start":{"line":13,"column":76},"end":{"line":13,"column":84}},"4":{"start":{"line":14,"column":26},"end":{"line":14,"column":64}},"5":{"start":{"line":16,"column":2},"end":{"line":18,"column":9}},"6":{"start":{"line":17,"column":4},"end":{"line":17,"column":64}},"7":{"start":{"line":17,"column":41},"end":{"line":17,"column":62}},"8":{"start":{"line":20,"column":25},"end":{"line":33,"column":3}},"9":{"start":{"line":21,"column":4},"end":{"line":32,"column":5}},"10":{"start":{"line":23,"column":8},"end":{"line":23,"column":25}},"11":{"start":{"line":25,"column":8},"end":{"line":25,"column":24}},"12":{"start":{"line":27,"column":8},"end":{"line":27,"column":22}},"13":{"start":{"line":29,"column":8},"end":{"line":29,"column":25}},"14":{"start":{"line":31,"column":8},"end":{"line":31,"column":23}},"15":{"start":{"line":35,"column":2},"end":{"line":112,"column":4}},"16":{"start":{"line":65,"column":92},"end":{"line":65,"column":138}},"17":{"start":{"line":71,"column":67},"end":{"line":71,"column":75}},"18":{"start":{"line":81,"column":70},"end":{"line":81,"column":100}},"19":{"start":{"line":91,"column":24},"end":{"line":105,"column":31}},"20":{"start":{"line":115,"column":15},"end":{"line":141,"column":2}}},"fnMap":{"0":{"name":"(anonymous_0)","decl":{"start":{"line":10,"column":29},"end":{"line":10,"column":30}},"loc":{"start":{"line":10,"column":35},"end":{"line":113,"column":1}},"line":10},"1":{"name":"(anonymous_1)","decl":{"start":{"line":16,"column":12},"end":{"line":16,"column":13}},"loc":{"start":{"line":16,"column":18},"end":{"line":18,"column":3}},"line":16},"2":{"name":"(anonymous_2)","decl":{"start":{"line":17,"column":28},"end":{"line":17,"column":29}},"loc":{"start":{"line":17,"column":41},"end":{"line":17,"column":62}},"line":17},"3":{"name":"(anonymous_3)","decl":{"start":{"line":20,"column":25},"end":{"line":20,"column":26}},"loc":{"start":{"line":20,"column":31},"end":{"line":33,"column":3}},"line":20},"4":{"name":"(anonymous_4)","decl":{"start":{"line":65,"column":81},"end":{"line":65,"column":82}},"loc":{"start":{"line":65,"column":92},"end":{"line":65,"column":138}},"line":65},"5":{"name":"(anonymous_5)","decl":{"start":{"line":71,"column":61},"end":{"line":71,"column":62}},"loc":{"start":{"line":71,"column":67},"end":{"line":71,"column":75}},"line":71},"6":{"name":"(anonymous_6)","decl":{"start":{"line":81,"column":64},"end":{"line":81,"column":65}},"loc":{"start":{"line":81,"column":70},"end":{"line":81,"column":100}},"line":81},"7":{"name":"(anonymous_7)","decl":{"start":{"line":90,"column":29},"end":{"line":90,"column":30}},"loc":{"start":{"line":91,"column":24},"end":{"line":105,"column":31}},"line":91}},"branchMap":{"0":{"loc":{"start":{"line":21,"column":4},"end":{"line":32,"column":5}},"type":"switch","locations":[{"start":{"line":22,"column":6},"end":{"line":23,"column":25}},{"start":{"line":24,"column":6},"end":{"line":25,"column":24}},{"start":{"line":26,"column":6},"end":{"line":27,"column":22}},{"start":{"line":28,"column":6},"end":{"line":29,"column":25}},{"start":{"line":30,"column":6},"end":{"line":31,"column":23}}],"line":21},"1":{"loc":{"start":{"line":43,"column":22},"end":{"line":43,"column":99}},"type":"cond-expr","locations":[{"start":{"line":43,"column":39},"end":{"line":43,"column":53}},{"start":{"line":43,"column":57},"end":{"line":43,"column":98}}],"line":43},"2":{"loc":{"start":{"line":43,"column":57},"end":{"line":43,"column":98}},"type":"cond-expr","locations":[{"start":{"line":43,"column":67},"end":{"line":43,"column":90}},{"start":{"line":43,"column":93},"end":{"line":43,"column":98}}],"line":43},"3":{"loc":{"start":{"line":46,"column":24},"end":{"line":46,"column":44}},"type":"binary-expr","locations":[{"start":{"line":46,"column":24},"end":{"line":46,"column":32}},{"start":{"line":46,"column":36},"end":{"line":46,"column":44}}],"line":46},"4":{"loc":{"start":{"line":54,"column":11},"end":{"line":58,"column":11}},"type":"binary-expr","locations":[{"start":{"line":54,"column":11},"end":{"line":54,"column":16}},{"start":{"line":55,"column":12},"end":{"line":57,"column":19}}],"line":54},"5":{"loc":{"start":{"line":64,"column":24},"end":{"line":64,"column":73}},"type":"binary-expr","locations":[{"start":{"line":64,"column":24},"end":{"line":64,"column":45}},{"start":{"line":64,"column":49},"end":{"line":64,"column":73}}],"line":64},"6":{"loc":{"start":{"line":65,"column":29},"end":{"line":65,"column":150}},"type":"cond-expr","locations":[{"start":{"line":65,"column":81},"end":{"line":65,"column":138}},{"start":{"line":65,"column":141},"end":{"line":65,"column":150}}],"line":65},"7":{"loc":{"start":{"line":65,"column":29},"end":{"line":65,"column":78}},"type":"binary-expr","locations":[{"start":{"line":65,"column":29},"end":{"line":65,"column":50}},{"start":{"line":65,"column":54},"end":{"line":65,"column":78}}],"line":65},"8":{"loc":{"start":{"line":70,"column":13},"end":{"line":74,"column":13}},"type":"binary-expr","locations":[{"start":{"line":70,"column":13},"end":{"line":70,"column":31}},{"start":{"line":71,"column":14},"end":{"line":73,"column":23}}],"line":70},"9":{"loc":{"start":{"line":87,"column":17},"end":{"line":107,"column":17}},"type":"cond-expr","locations":[{"start":{"line":88,"column":20},"end":{"line":88,"column":82}},{"start":{"line":90,"column":20},"end":{"line":106,"column":22}}],"line":87},"10":{"loc":{"start":{"line":97,"column":40},"end":{"line":97,"column":116}},"type":"cond-expr","locations":[{"start":{"line":97,"column":64},"end":{"line":97,"column":72}},{"start":{"line":97,"column":75},"end":{"line":97,"column":116}}],"line":97},"11":{"loc":{"start":{"line":97,"column":75},"end":{"line":97,"column":116}},"type":"cond-expr","locations":[{"start":{"line":97,"column":98},"end":{"line":97,"column":107}},{"start":{"line":97,"column":110},"end":{"line":97,"column":116}}],"line":97}},"s":{"0":0,"1":0,"2":0,"3":0,"4":0,"5":0,"6":0,"7":0,"8":0,"9":0,"10":0,"11":0,"12":0,"13":0,"14":0,"15":0,"16":0,"17":0,"18":0,"19":0,"20":0},"f":{"0":0,"1":0,"2":0,"3":0,"4":0,"5":0,"6":0,"7":0},"b":{"0":[0,0,0,0,0],"1":[0,0],"2":[0,0],"3":[0,0],"4":[0,0],"5":[0,0],"6":[0,0],"7":[0,0],"8":[0,0],"9":[0,0],"10":[0,0],"11":[0,0]}}
,"/Volumes/jtavarezSSDMac/OTA-EXPO/app/demo-app/src/services/ads.ts": {"path":"/Volumes/jtavarezSSDMac/OTA-EXPO/app/demo-app/src/services/ads.ts","statementMap":{"0":{"start":{"line":3,"column":23},"end":{"line":12,"column":1}},"1":{"start":{"line":4,"column":46},"end":{"line":8,"column":3}},"2":{"start":{"line":10,"column":2},"end":{"line":10,"column":59}},"3":{"start":{"line":11,"column":2},"end":{"line":11,"column":33}},"4":{"start":{"line":14,"column":30},"end":{"line":14,"column":97}}},"fnMap":{"0":{"name":"(anonymous_0)","decl":{"start":{"line":3,"column":23},"end":{"line":3,"column":24}},"loc":{"start":{"line":3,"column":35},"end":{"line":12,"column":1}},"line":3}},"branchMap":{"0":{"loc":{"start":{"line":14,"column":30},"end":{"line":14,"column":97}},"type":"cond-expr","locations":[{"start":{"line":14,"column":40},"end":{"line":14,"column":54}},{"start":{"line":14,"column":57},"end":{"line":14,"column":97}}],"line":14}},"s":{"0":0,"1":0,"2":0,"3":0,"4":0},"f":{"0":0},"b":{"0":[0,0]}}
,"/Volumes/jtavarezSSDMac/OTA-EXPO/app/demo-app/src/services/api.ts": {"path":"/Volumes/jtavarezSSDMac/OTA-EXPO/app/demo-app/src/services/api.ts","statementMap":{"0":{"start":{"line":4,"column":2},"end":{"line":4,"column":74}},"1":{"start":{"line":6,"column":19},"end":{"line":9,"column":2}}},"fnMap":{},"branchMap":{"0":{"loc":{"start":{"line":4,"column":2},"end":{"line":4,"column":74}},"type":"binary-expr","locations":[{"start":{"line":4,"column":2},"end":{"line":4,"column":38}},{"start":{"line":4,"column":42},"end":{"line":4,"column":74}}],"line":4}},"s":{"0":0,"1":0},"f":{},"b":{"0":[0,0]}}
,"/Volumes/jtavarezSSDMac/OTA-EXPO/app/demo-app/src/services/appwrite.ts": {"path":"/Volumes/jtavarezSSDMac/OTA-EXPO/app/demo-app/src/services/appwrite.ts","statementMap":{"0":{"start":{"line":3,"column":15},"end":{"line":3,"column":27}},"1":{"start":{"line":6,"column":2},"end":{"line":6,"column":80}},"2":{"start":{"line":9,"column":2},"end":{"line":9,"column":71}},"3":{"start":{"line":11,"column":0},"end":{"line":11,"column":52}},"4":{"start":{"line":13,"column":23},"end":{"line":13,"column":42}}},"fnMap":{},"branchMap":{"0":{"loc":{"start":{"line":6,"column":2},"end":{"line":6,"column":80}},"type":"binary-expr","locations":[{"start":{"line":6,"column":2},"end":{"line":6,"column":43}},{"start":{"line":6,"column":47},"end":{"line":6,"column":80}}],"line":6},"1":{"loc":{"start":{"line":9,"column":2},"end":{"line":9,"column":71}},"type":"binary-expr","locations":[{"start":{"line":9,"column":2},"end":{"line":9,"column":45}},{"start":{"line":9,"column":49},"end":{"line":9,"column":71}}],"line":9}},"s":{"0":0,"1":0,"2":0,"3":0,"4":0},"f":{},"b":{"0":[0,0],"1":[0,0]}}
,"/Volumes/jtavarezSSDMac/OTA-EXPO/app/demo-app/src/services/firebase.ts": {"path":"/Volumes/jtavarezSSDMac/OTA-EXPO/app/demo-app/src/services/firebase.ts","statementMap":{"0":{"start":{"line":11,"column":23},"end":{"line":19,"column":1}},"1":{"start":{"line":23,"column":0},"end":{"line":27,"column":1}},"2":{"start":{"line":24,"column":2},"end":{"line":24,"column":38}},"3":{"start":{"line":26,"column":2},"end":{"line":26,"column":22}},"4":{"start":{"line":29,"column":28},"end":{"line":29,"column":40}},"5":{"start":{"line":33,"column":29},"end":{"line":34,"column":59}},"6":{"start":{"line":34,"column":2},"end":{"line":34,"column":59}},"7":{"start":{"line":36,"column":32},"end":{"line":37,"column":63}},"8":{"start":{"line":37,"column":2},"end":{"line":37,"column":63}},"9":{"start":{"line":39,"column":30},"end":{"line":39,"column":57}},"10":{"start":{"line":39,"column":36},"end":{"line":39,"column":57}},"11":{"start":{"line":41,"column":39},"end":{"line":42,"column":45}},"12":{"start":{"line":42,"column":2},"end":{"line":42,"column":45}}},"fnMap":{"0":{"name":"(anonymous_0)","decl":{"start":{"line":33,"column":29},"end":{"line":33,"column":30}},"loc":{"start":{"line":34,"column":2},"end":{"line":34,"column":59}},"line":34},"1":{"name":"(anonymous_1)","decl":{"start":{"line":36,"column":32},"end":{"line":36,"column":33}},"loc":{"start":{"line":37,"column":2},"end":{"line":37,"column":63}},"line":37},"2":{"name":"(anonymous_2)","decl":{"start":{"line":39,"column":30},"end":{"line":39,"column":31}},"loc":{"start":{"line":39,"column":36},"end":{"line":39,"column":57}},"line":39},"3":{"name":"(anonymous_3)","decl":{"start":{"line":41,"column":39},"end":{"line":41,"column":40}},"loc":{"start":{"line":42,"column":2},"end":{"line":42,"column":45}},"line":42}},"branchMap":{"0":{"loc":{"start":{"line":23,"column":0},"end":{"line":27,"column":1}},"type":"if","locations":[{"start":{"line":23,"column":0},"end":{"line":27,"column":1}},{"start":{"line":25,"column":7},"end":{"line":27,"column":1}}],"line":23}},"s":{"0":0,"1":0,"2":0,"3":0,"4":0,"5":0,"6":0,"7":0,"8":0,"9":0,"10":0,"11":0,"12":0},"f":{"0":0,"1":0,"2":0,"3":0},"b":{"0":[0,0]}}
,"/Volumes/jtavarezSSDMac/OTA-EXPO/app/demo-app/src/services/supabase.ts": {"path":"/Volumes/jtavarezSSDMac/OTA-EXPO/app/demo-app/src/services/supabase.ts","statementMap":{"0":{"start":{"line":3,"column":20},"end":{"line":3,"column":66}},"1":{"start":{"line":4,"column":24},"end":{"line":4,"column":75}},"2":{"start":{"line":6,"column":40},"end":{"line":6,"column":82}}},"fnMap":{},"branchMap":{},"s":{"0":0,"1":0,"2":0},"f":{},"b":{}}
,"/Volumes/jtavarezSSDMac/OTA-EXPO/app/demo-app/src/services/tts.ts": {"path":"/Volumes/jtavarezSSDMac/OTA-EXPO/app/demo-app/src/services/tts.ts","statementMap":{"0":{"start":{"line":3,"column":21},"end":{"line":9,"column":1}},"1":{"start":{"line":4,"column":2},"end":{"line":6,"column":3}},"2":{"start":{"line":5,"column":4},"end":{"line":5,"column":11}},"3":{"start":{"line":7,"column":2},"end":{"line":7,"column":16}},"4":{"start":{"line":8,"column":2},"end":{"line":8,"column":30}},"5":{"start":{"line":11,"column":28},"end":{"line":13,"column":1}},"6":{"start":{"line":12,"column":2},"end":{"line":12,"column":16}}},"fnMap":{"0":{"name":"(anonymous_0)","decl":{"start":{"line":3,"column":21},"end":{"line":3,"column":22}},"loc":{"start":{"line":3,"column":71},"end":{"line":9,"column":1}},"line":3},"1":{"name":"(anonymous_1)","decl":{"start":{"line":11,"column":28},"end":{"line":11,"column":29}},"loc":{"start":{"line":11,"column":34},"end":{"line":13,"column":1}},"line":11}},"branchMap":{"0":{"loc":{"start":{"line":4,"column":2},"end":{"line":6,"column":3}},"type":"if","locations":[{"start":{"line":4,"column":2},"end":{"line":6,"column":3}},{"start":{},"end":{}}],"line":4}},"s":{"0":0,"1":0,"2":0,"3":0,"4":0,"5":0,"6":0},"f":{"0":0,"1":0},"b":{"0":[0,0]}}
,"/Volumes/jtavarezSSDMac/OTA-EXPO/app/demo-app/src/utils/authConfig.ts": {"path":"/Volumes/jtavarezSSDMac/OTA-EXPO/app/demo-app/src/utils/authConfig.ts","statementMap":{"0":{"start":{"line":1,"column":31},"end":{"line":3,"column":1}},"1":{"start":{"line":2,"column":2},"end":{"line":2,"column":115}}},"fnMap":{"0":{"name":"(anonymous_0)","decl":{"start":{"line":1,"column":31},"end":{"line":1,"column":32}},"loc":{"start":{"line":1,"column":37},"end":{"line":3,"column":1}},"line":1}},"branchMap":{"0":{"loc":{"start":{"line":2,"column":9},"end":{"line":2,"column":114}},"type":"binary-expr","locations":[{"start":{"line":2,"column":10},"end":{"line":2,"column":99}},{"start":{"line":2,"column":104},"end":{"line":2,"column":114}}],"line":2}},"s":{"0":0,"1":0},"f":{"0":0},"b":{"0":[0,0]}}
,"/Volumes/jtavarezSSDMac/OTA-EXPO/app/demo-app/src/utils/logger.ts": {"path":"/Volumes/jtavarezSSDMac/OTA-EXPO/app/demo-app/src/utils/logger.ts","statementMap":{"0":{"start":{"line":3,"column":19},"end":{"line":3,"column":60}},"1":{"start":{"line":15,"column":29},"end":{"line":15,"column":31}},"2":{"start":{"line":16,"column":54},"end":{"line":16,"column":56}},"3":{"start":{"line":19,"column":28},"end":{"line":24,"column":5}},"4":{"start":{"line":27,"column":4},"end":{"line":27,"column":51}},"5":{"start":{"line":28,"column":4},"end":{"line":28,"column":18}},"6":{"start":{"line":31,"column":4},"end":{"line":31,"column":71}},"7":{"start":{"line":34,"column":4},"end":{"line":42,"column":5}},"8":{"start":{"line":35,"column":6},"end":{"line":39,"column":9}},"9":{"start":{"line":41,"column":6},"end":{"line":41,"column":54}},"10":{"start":{"line":45,"column":42},"end":{"line":45,"column":85}},"11":{"start":{"line":46,"column":42},"end":{"line":46,"column":85}},"12":{"start":{"line":47,"column":43},"end":{"line":47,"column":87}},"13":{"start":{"line":49,"column":14},"end":{"line":49,"column":31}},"14":{"start":{"line":52,"column":4},"end":{"line":52,"column":34}},"15":{"start":{"line":53,"column":4},"end":{"line":55,"column":6}},"16":{"start":{"line":54,"column":6},"end":{"line":54,"column":66}},"17":{"start":{"line":54,"column":50},"end":{"line":54,"column":64}},"18":{"start":{"line":59,"column":4},"end":{"line":59,"column":46}},"19":{"start":{"line":59,"column":32},"end":{"line":59,"column":44}},"20":{"start":{"line":63,"column":22},"end":{"line":63,"column":34}}},"fnMap":{"0":{"name":"(anonymous_0)","decl":{"start":{"line":18,"column":2},"end":{"line":18,"column":3}},"loc":{"start":{"line":18,"column":62},"end":{"line":43,"column":3}},"line":18},"1":{"name":"(anonymous_1)","decl":{"start":{"line":45,"column":2},"end":{"line":45,"column":3}},"loc":{"start":{"line":45,"column":40},"end":{"line":45,"column":87}},"line":45},"2":{"name":"(anonymous_2)","decl":{"start":{"line":46,"column":2},"end":{"line":46,"column":3}},"loc":{"start":{"line":46,"column":40},"end":{"line":46,"column":87}},"line":46},"3":{"name":"(anonymous_3)","decl":{"start":{"line":47,"column":2},"end":{"line":47,"column":3}},"loc":{"start":{"line":47,"column":41},"end":{"line":47,"column":89}},"line":47},"4":{"name":"(anonymous_4)","decl":{"start":{"line":49,"column":2},"end":{"line":49,"column":3}},"loc":{"start":{"line":49,"column":12},"end":{"line":49,"column":33}},"line":49},"5":{"name":"(anonymous_5)","decl":{"start":{"line":51,"column":2},"end":{"line":51,"column":3}},"loc":{"start":{"line":51,"column":50},"end":{"line":56,"column":3}},"line":51},"6":{"name":"(anonymous_6)","decl":{"start":{"line":53,"column":11},"end":{"line":53,"column":12}},"loc":{"start":{"line":53,"column":17},"end":{"line":55,"column":5}},"line":53},"7":{"name":"(anonymous_7)","decl":{"start":{"line":54,"column":45},"end":{"line":54,"column":46}},"loc":{"start":{"line":54,"column":50},"end":{"line":54,"column":64}},"line":54},"8":{"name":"(anonymous_8)","decl":{"start":{"line":58,"column":2},"end":{"line":58,"column":3}},"loc":{"start":{"line":58,"column":19},"end":{"line":60,"column":3}},"line":58},"9":{"name":"(anonymous_9)","decl":{"start":{"line":59,"column":27},"end":{"line":59,"column":28}},"loc":{"start":{"line":59,"column":32},"end":{"line":59,"column":44}},"line":59}},"branchMap":{"0":{"loc":{"start":{"line":31,"column":55},"end":{"line":31,"column":69}},"type":"binary-expr","locations":[{"start":{"line":31,"column":55},"end":{"line":31,"column":63}},{"start":{"line":31,"column":67},"end":{"line":31,"column":69}}],"line":31}},"s":{"0":0,"1":0,"2":0,"3":0,"4":0,"5":0,"6":0,"7":0,"8":0,"9":0,"10":0,"11":0,"12":0,"13":0,"14":0,"15":0,"16":0,"17":0,"18":0,"19":0,"20":0},"f":{"0":0,"1":0,"2":0,"3":0,"4":0,"5":0,"6":0,"7":0,"8":0,"9":0},"b":{"0":[0,0]}}
,"/Volumes/jtavarezSSDMac/OTA-EXPO/app/demo-app/src/utils/tailwind.ts": {"path":"/Volumes/jtavarezSSDMac/OTA-EXPO/app/demo-app/src/utils/tailwind.ts","statementMap":{},"fnMap":{},"branchMap":{},"s":{},"f":{},"b":{}}
}
